build/outputs/logs/manifest-merger-debug-report.txt
-- Merging decision tree log ---
manifest
ADDED from src\main\AndroidManifest.xml:2:1-90:12
INJECTED from src\main\AndroidManifest.xml:2:1-90:12
INJECTED from src\main\AndroidManifest.xml:2:1-90:12
INJECTED from src\main\AndroidManifest.xml:2:1-90:12
MERGED from [com.android.support:design:23.0.1] AndroidManifest.xml:17:1-24:12
MERGED from [com.android.support:appcompat-v7:23.0.1] AndroidManifest.xml:17:1-24:12
MERGED from [com.android.support:recyclerview-v7:23.0.1] AndroidManifest.xml:17:1-22:12
MERGED from [com.android.support:support-v4:23.0.1] AndroidManifest.xml:17:1-24:12
INJECTED from src\main\AndroidManifest.xml:2:1-90:12
INJECTED from src\main\AndroidManifest.xml:2:1-90:12
INJECTED from src\main\AndroidManifest.xml:2:1-90:12
	package
		ADDED from src\main\AndroidManifest.xml:3:5-46
		INJECTED from src\main\AndroidManifest.xml
		INJECTED from src\main\AndroidManifest.xml
	android:versionName
		ADDED from src\main\AndroidManifest.xml:5:5-36
		INJECTED from src\main\AndroidManifest.xml
		INJECTED from src\main\AndroidManifest.xml
	xmlns:android
		ADDED from src\main\AndroidManifest.xml:2:11-69
	android:versionCode
		ADDED from src\main\AndroidManifest.xml:4:5-29
		INJECTED from src\main\AndroidManifest.xml
		INJECTED from src\main\AndroidManifest.xml
uses-sdk
ADDED from src\main\AndroidManifest.xml:7:5-9:41
INJECTED from src\main\AndroidManifest.xml:7:5-9:41
INJECTED from src\main\AndroidManifest.xml:7:5-9:41
MERGED from [com.android.support:design:23.0.1] AndroidManifest.xml:20:5-43
MERGED from [com.android.support:design:23.0.1] AndroidManifest.xml:20:5-43
MERGED from [com.android.support:appcompat-v7:23.0.1] AndroidManifest.xml:20:5-43
MERGED from [com.android.support:appcompat-v7:23.0.1] AndroidManifest.xml:20:5-43
MERGED from [com.android.support:recyclerview-v7:23.0.1] AndroidManifest.xml:20:5-43
MERGED from [com.android.support:recyclerview-v7:23.0.1] AndroidManifest.xml:20:5-43
MERGED from [com.android.support:support-v4:23.0.1] AndroidManifest.xml:20:5-43
MERGED from [com.android.support:support-v4:23.0.1] AndroidManifest.xml:20:5-43
INJECTED from src\main\AndroidManifest.xml:7:5-9:41
INJECTED from src\main\AndroidManifest.xml:7:5-9:41
	android:targetSdkVersion
		ADDED from src\main\AndroidManifest.xml:9:9-38
		INJECTED from src\main\AndroidManifest.xml
		INJECTED from src\main\AndroidManifest.xml
	android:minSdkVersion
		ADDED from src\main\AndroidManifest.xml:8:9-35
		INJECTED from src\main\AndroidManifest.xml
		INJECTED from src\main\AndroidManifest.xml
uses-permission#android.permission.RECORD_AUDIO
ADDED from src\main\AndroidManifest.xml:11:5-71
	android:name
		ADDED from src\main\AndroidManifest.xml:11:22-68
uses-permission#android.permission.ACCESS_NETWORK_STATE
ADDED from src\main\AndroidManifest.xml:12:5-79
	android:name
		ADDED from src\main\AndroidManifest.xml:12:22-76
uses-permission#android.permission.INTERNET
ADDED from src\main\AndroidManifest.xml:13:5-67
	android:name
		ADDED from src\main\AndroidManifest.xml:13:22-64
uses-permission#android.permission.READ_PHONE_STATE
ADDED from src\main\AndroidManifest.xml:14:5-75
	android:name
		ADDED from src\main\AndroidManifest.xml:14:22-72
uses-permission#android.permission.WRITE_EXTERNAL_STORAGE
ADDED from src\main\AndroidManifest.xml:15:5-81
	android:name
		ADDED from src\main\AndroidManifest.xml:15:22-78
uses-permission#android.permission.WAKE_LOCK
ADDED from src\main\AndroidManifest.xml:16:5-68
	android:name
		ADDED from src\main\AndroidManifest.xml:16:22-65
uses-permission#android.permission.READ_EXTERNAL_STORAGE
ADDED from src\main\AndroidManifest.xml:17:5-80
	android:name
		ADDED from src\main\AndroidManifest.xml:17:22-77
uses-permission#android.permission.MOUNT_UNMOUNT_FILESYSTEMS
ADDED from src\main\AndroidManifest.xml:18:5-84
	android:name
		ADDED from src\main\AndroidManifest.xml:18:22-81
application
ADDED from src\main\AndroidManifest.xml:20:5-88:19
MERGED from [com.android.support:design:23.0.1] AndroidManifest.xml:22:5-20
MERGED from [com.android.support:design:23.0.1] AndroidManifest.xml:22:5-20
MERGED from [com.android.support:appcompat-v7:23.0.1] AndroidManifest.xml:22:5-20
MERGED from [com.android.support:appcompat-v7:23.0.1] AndroidManifest.xml:22:5-20
MERGED from [com.android.support:support-v4:23.0.1] AndroidManifest.xml:22:5-20
MERGED from [com.android.support:support-v4:23.0.1] AndroidManifest.xml:22:5-20
	android:screenOrientation
		ADDED from src\main\AndroidManifest.xml:24:9-46
	android:label
		ADDED from src\main\AndroidManifest.xml:23:9-41
	android:icon
		ADDED from src\main\AndroidManifest.xml:22:9-45
	android:theme
		ADDED from src\main\AndroidManifest.xml:25:9-40
	android:name
		ADDED from src\main\AndroidManifest.xml:21:9-60
uses-library#android.test.runner
ADDED from src\main\AndroidManifest.xml:26:9-60
	android:name
		ADDED from src\main\AndroidManifest.xml:26:23-57
activity#com.baidu.android.voicedemo.ui.MainActivity
ADDED from src\main\AndroidManifest.xml:28:9-38:20
	android:label
		ADDED from src\main\AndroidManifest.xml:31:13-47
	android:windowSoftInputMode
		ADDED from src\main\AndroidManifest.xml:32:13-54
	android:configChanges
		ADDED from src\main\AndroidManifest.xml:30:13-76
	android:name
		ADDED from src\main\AndroidManifest.xml:29:13-71
intent-filter#android.intent.action.MAIN+com.baidu.speech.recognizerdemo.intent.category.SAMPLE_CODE
ADDED from src\main\AndroidManifest.xml:33:13-37:29
action#android.intent.action.MAIN
ADDED from src\main\AndroidManifest.xml:34:17-69
	android:name
		ADDED from src\main\AndroidManifest.xml:34:25-66
category#com.baidu.speech.recognizerdemo.intent.category.SAMPLE_CODE
ADDED from src\main\AndroidManifest.xml:36:17-104
	android:name
		ADDED from src\main\AndroidManifest.xml:36:27-101
activity#com.baidu.android.voicedemo.ui.MachineTypeActivity
ADDED from src\main\AndroidManifest.xml:39:9-42:62
	android:screenOrientation
		ADDED from src\main\AndroidManifest.xml:42:13-50
	android:configChanges
		ADDED from src\main\AndroidManifest.xml:41:13-76
	android:name
		ADDED from src\main\AndroidManifest.xml:40:13-78
activity#com.baidu.android.voicedemo.ui.NormalActivity
ADDED from src\main\AndroidManifest.xml:43:9-46:62
	android:screenOrientation
		ADDED from src\main\AndroidManifest.xml:46:13-50
	android:configChanges
		ADDED from src\main\AndroidManifest.xml:45:13-76
	android:name
		ADDED from src\main\AndroidManifest.xml:44:13-73
activity#com.baidu.android.voicedemo.ui.WelcomeActivity
ADDED from src\main\AndroidManifest.xml:47:9-56:20
	android:screenOrientation
		ADDED from src\main\AndroidManifest.xml:50:13-50
	android:configChanges
		ADDED from src\main\AndroidManifest.xml:49:13-76
	android:name
		ADDED from src\main\AndroidManifest.xml:48:13-74
intent-filter#android.intent.action.MAIN+android.intent.category.LAUNCHER
ADDED from src\main\AndroidManifest.xml:51:13-55:29
category#android.intent.category.LAUNCHER
ADDED from src\main\AndroidManifest.xml:54:17-77
	android:name
		ADDED from src\main\AndroidManifest.xml:54:27-74
activity#com.baidu.android.voicedemo.ui.HomeActivity
ADDED from src\main\AndroidManifest.xml:57:9-60:62
	android:screenOrientation
		ADDED from src\main\AndroidManifest.xml:60:13-50
	android:configChanges
		ADDED from src\main\AndroidManifest.xml:59:13-76
	android:name
		ADDED from src\main\AndroidManifest.xml:58:13-71
activity#com.baidu.android.voicedemo.ui.ShowDataActivity
ADDED from src\main\AndroidManifest.xml:61:9-93
	android:name
		ADDED from src\main\AndroidManifest.xml:61:19-81
activity#com.baidu.android.voicedemo.ui.ExportExcelActivity
ADDED from src\main\AndroidManifest.xml:62:9-96
	android:name
		ADDED from src\main\AndroidManifest.xml:62:19-84
activity#com.baidu.android.voicedemo.ui.BuildPlanActivity
ADDED from src\main\AndroidManifest.xml:63:9-66:62
	android:screenOrientation
		ADDED from src\main\AndroidManifest.xml:66:13-50
	android:configChanges
		ADDED from src\main\AndroidManifest.xml:65:13-76
	android:name
		ADDED from src\main\AndroidManifest.xml:64:13-76
activity#com.baidu.android.voicedemo.ui.BaseActivity
ADDED from src\main\AndroidManifest.xml:67:9-69:68
	android:label
		ADDED from src\main\AndroidManifest.xml:69:13-56
	android:name
		ADDED from src\main\AndroidManifest.xml:68:13-71
activity#com.baidu.android.voicedemo.ui.DonePlanListActivity
ADDED from src\main\AndroidManifest.xml:70:9-97
	android:name
		ADDED from src\main\AndroidManifest.xml:70:19-85
activity#com.baidu.android.voicedemo.ui.UnDonePlanListActivity
ADDED from src\main\AndroidManifest.xml:71:9-73:58
	android:theme
		ADDED from src\main\AndroidManifest.xml:73:13-46
	android:name
		ADDED from src\main\AndroidManifest.xml:72:13-81
activity#com.baidu.android.voicedemo.ui.ViewdoneRecordActivity
ADDED from src\main\AndroidManifest.xml:74:9-99
	android:name
		ADDED from src\main\AndroidManifest.xml:74:19-87
activity#com.baidu.android.voicedemo.ui.ViewRecordItemActivity
ADDED from src\main\AndroidManifest.xml:75:9-99
	android:name
		ADDED from src\main\AndroidManifest.xml:75:19-87
activity#com.baidu.android.voicedemo.ui.FailRecordHandActivity
ADDED from src\main\AndroidManifest.xml:76:9-78:62
	android:screenOrientation
		ADDED from src\main\AndroidManifest.xml:78:13-50
	android:name
		ADDED from src\main\AndroidManifest.xml:77:13-81
activity#com.baidu.android.voicedemo.ui.EditPlanActivity
ADDED from src\main\AndroidManifest.xml:79:9-93
	android:name
		ADDED from src\main\AndroidManifest.xml:79:19-81
activity#com.baidu.android.voicedemo.ui.admin.AdminRegisterActivity
ADDED from src\main\AndroidManifest.xml:80:9-104
	android:name
		ADDED from src\main\AndroidManifest.xml:80:19-92
activity#com.baidu.android.voicedemo.ui.admin.AdminHomeActivity
ADDED from src\main\AndroidManifest.xml:81:9-100
	android:name
		ADDED from src\main\AndroidManifest.xml:81:19-88
activity#com.baidu.android.voicedemo.ui.admin.AdminLoginActivity
ADDED from src\main\AndroidManifest.xml:82:9-101
	android:name
		ADDED from src\main\AndroidManifest.xml:82:19-89
activity#com.baidu.android.voicedemo.ui.admin.EditPasswordActivity
ADDED from src\main\AndroidManifest.xml:83:9-103
	android:name
		ADDED from src\main\AndroidManifest.xml:83:19-91
activity#com.baidu.android.voicedemo.ui.user.UserLoginActivity
ADDED from src\main\AndroidManifest.xml:84:9-99
	android:name
		ADDED from src\main\AndroidManifest.xml:84:19-87
activity#com.baidu.android.voicedemo.ui.user.UserRegisterActivity
ADDED from src\main\AndroidManifest.xml:85:9-102
	android:name
		ADDED from src\main\AndroidManifest.xml:85:19-90
activity#com.baidu.android.voicedemo.ui.TestActivity
ADDED from src\main\AndroidManifest.xml:86:9-89
	android:name
		ADDED from src\main\AndroidManifest.xml:86:19-77
activity#com.baidu.android.voicedemo.ui.admin.UserManageActivity
ADDED from src\main\AndroidManifest.xml:87:9-101
	android:name
		ADDED from src\main\AndroidManifest.xml:87:19-89